2020-03-20 18:44:06,654 [INFO   ] Starting C:\Users\top\BTSync\SA5\qpython\scripts\garmin-connect-export-pest\gcexport.py version 2.3.3, using Python version 2.7.13
2020-03-20 18:44:06,665 [INFO   ] New logfile level: INFO
2020-03-20 18:44:06,668 [INFO   ] New logfile level: INFO
2020-03-20 19:52:50,760 [INFO   ] Starting C:\Users\top\BTSync\SA5\qpython\scripts\Garmin-Connect-Export-pest\gcexport.py version 2.3.3, using Python version 3.6.4rc1
2020-03-20 19:52:50,769 [INFO   ] New logfile level: INFO
2020-03-20 19:52:50,771 [WARNING] Output directory C:\public\gps already exists. Will skip already-downloaded files and append to the CSV file.
2020-03-20 19:52:50,780 [INFO   ] Connecting to https://sso.garmin.com/sso/signin?service=https%3A%2F%2Fconnect.garmin.com%2Fmodern%2F&webhost=https%3A%2F%2Fconnect.garmin.com&source=https%3A%2F%2Fconnect.garmin.com%2Fen-US%2Fsignin&redirectAfterAccountLoginUrl=https%3A%2F%2Fconnect.garmin.com%2Fmodern%2F&redirectAfterAccountCreationUrl=https%3A%2F%2Fconnect.garmin.com%2Fmodern%2F&gauthHost=https%3A%2F%2Fsso.garmin.com%2Fsso&locale=en_US&id=gauth-widget&cssUrl=https%3A%2F%2Fstatic.garmincdn.com%2Fcom.garmin.connect%2Fui%2Fcss%2Fgauth-custom-v1.2-min.css&clientId=GarminConnect&rememberMeShown=true&rememberMeChecked=false&createAccountShown=true&openCreateAccount=false&displayNameShown=false&consumeServiceTicket=false&initialFocus=true&embedWidget=false&generateExtraServiceTicket=true&generateTwoExtraServiceTickets=false&generateNoServiceTicket=false&globalOptInShown=true&globalOptInChecked=false&mobile=false&connectLegalTerms=true&locationPromptShown=true&showPassword=true
2020-03-20 19:56:47,995 [INFO   ] Starting C:\Users\top\BTSync\SA5\qpython\scripts\Garmin-Connect-Export-pest\gcexport.py version 2.3.3, using Python version 3.6.4rc1
2020-03-20 19:56:48,002 [INFO   ] New logfile level: INFO
2020-03-20 19:56:48,008 [INFO   ] New logfile level: INFO
2020-03-20 19:56:48,011 [WARNING] Output directory C:\public\gps already exists. Will skip already-downloaded files and append to the CSV file.
2020-03-20 19:56:48,018 [INFO   ] Connecting to https://sso.garmin.com/sso/signin?service=https%3A%2F%2Fconnect.garmin.com%2Fmodern%2F&webhost=https%3A%2F%2Fconnect.garmin.com&source=https%3A%2F%2Fconnect.garmin.com%2Fen-US%2Fsignin&redirectAfterAccountLoginUrl=https%3A%2F%2Fconnect.garmin.com%2Fmodern%2F&redirectAfterAccountCreationUrl=https%3A%2F%2Fconnect.garmin.com%2Fmodern%2F&gauthHost=https%3A%2F%2Fsso.garmin.com%2Fsso&locale=en_US&id=gauth-widget&cssUrl=https%3A%2F%2Fstatic.garmincdn.com%2Fcom.garmin.connect%2Fui%2Fcss%2Fgauth-custom-v1.2-min.css&clientId=GarminConnect&rememberMeShown=true&rememberMeChecked=false&createAccountShown=true&openCreateAccount=false&displayNameShown=false&consumeServiceTicket=false&initialFocus=true&embedWidget=false&generateExtraServiceTicket=true&generateTwoExtraServiceTickets=false&generateNoServiceTicket=false&globalOptInShown=true&globalOptInChecked=false&mobile=false&connectLegalTerms=true&locationPromptShown=true&showPassword=true
2020-03-20 19:56:50,657 [INFO   ] Authentication URL https://connect.garmin.com/modern/activities?ticket=ST-01578846-Vg4qLm0mcyUJakMjKSvm-cas
2020-03-20 19:56:53,604 [INFO   ] Activity list URL https://connect.garmin.com/modern/proxy/activitylist-service/activities/search/activities?start=0&limit=5
2020-03-20 20:01:40,984 [INFO   ] Starting C:\Users\top\BTSync\SA5\qpython\scripts\Garmin-Connect-Export-pest\gcexport.py version 2.3.3, using Python version 3.6.4rc1
2020-03-20 20:01:40,998 [INFO   ] New logfile level: INFO
2020-03-20 20:01:41,000 [INFO   ] New logfile level: INFO
2020-03-20 20:01:41,005 [WARNING] Output directory C:\public\gps already exists. Will skip already-downloaded files and append to the CSV file.
2020-03-20 20:01:41,009 [INFO   ] Connecting to https://sso.garmin.com/sso/signin?service=https%3A%2F%2Fconnect.garmin.com%2Fmodern%2F&webhost=https%3A%2F%2Fconnect.garmin.com&source=https%3A%2F%2Fconnect.garmin.com%2Fen-US%2Fsignin&redirectAfterAccountLoginUrl=https%3A%2F%2Fconnect.garmin.com%2Fmodern%2F&redirectAfterAccountCreationUrl=https%3A%2F%2Fconnect.garmin.com%2Fmodern%2F&gauthHost=https%3A%2F%2Fsso.garmin.com%2Fsso&locale=en_US&id=gauth-widget&cssUrl=https%3A%2F%2Fstatic.garmincdn.com%2Fcom.garmin.connect%2Fui%2Fcss%2Fgauth-custom-v1.2-min.css&clientId=GarminConnect&rememberMeShown=true&rememberMeChecked=false&createAccountShown=true&openCreateAccount=false&displayNameShown=false&consumeServiceTicket=false&initialFocus=true&embedWidget=false&generateExtraServiceTicket=true&generateTwoExtraServiceTickets=false&generateNoServiceTicket=false&globalOptInShown=true&globalOptInChecked=false&mobile=false&connectLegalTerms=true&locationPromptShown=true&showPassword=true
2020-03-20 20:01:45,320 [INFO   ] Authentication URL https://connect.garmin.com/modern/activities?ticket=ST-01580520-YCnBYl5NexkMS4f3VOEr-cas
2020-03-20 20:01:53,690 [INFO   ] Activity list URL https://connect.garmin.com/modern/proxy/activitylist-service/activities/search/activities?start=0&limit=5
2020-03-20 20:32:38,252 [INFO   ] Starting C:\Users\top\BTSync\SA5\qpython\scripts\Garmin-Connect-Export-pest\gcexport.py version 2.3.3, using Python version 3.6.4rc1
2020-03-20 20:32:38,263 [INFO   ] New logfile level: INFO
2020-03-20 20:32:38,264 [INFO   ] New logfile level: INFO
2020-03-20 20:32:38,270 [WARNING] Output directory C:\public\gps already exists. Will skip already-downloaded files and append to the CSV file.
2020-03-20 20:32:38,273 [INFO   ] Connecting to https://sso.garmin.com/sso/signin?service=https%3A%2F%2Fconnect.garmin.com%2Fmodern%2F&webhost=https%3A%2F%2Fconnect.garmin.com&source=https%3A%2F%2Fconnect.garmin.com%2Fen-US%2Fsignin&redirectAfterAccountLoginUrl=https%3A%2F%2Fconnect.garmin.com%2Fmodern%2F&redirectAfterAccountCreationUrl=https%3A%2F%2Fconnect.garmin.com%2Fmodern%2F&gauthHost=https%3A%2F%2Fsso.garmin.com%2Fsso&locale=en_US&id=gauth-widget&cssUrl=https%3A%2F%2Fstatic.garmincdn.com%2Fcom.garmin.connect%2Fui%2Fcss%2Fgauth-custom-v1.2-min.css&clientId=GarminConnect&rememberMeShown=true&rememberMeChecked=false&createAccountShown=true&openCreateAccount=false&displayNameShown=false&consumeServiceTicket=false&initialFocus=true&embedWidget=false&generateExtraServiceTicket=true&generateTwoExtraServiceTickets=false&generateNoServiceTicket=false&globalOptInShown=true&globalOptInChecked=false&mobile=false&connectLegalTerms=true&locationPromptShown=true&showPassword=true
2020-03-20 20:32:41,771 [INFO   ] Authentication URL https://connect.garmin.com/modern/activities?ticket=ST-01594886-iCfGMls2t7xSRwyUhq7c-cas
2020-03-20 20:32:44,553 [INFO   ] Activity list URL https://connect.garmin.com/modern/proxy/activitylist-service/activities/search/activities?start=0&limit=5
2020-03-20 20:35:00,366 [INFO   ] Starting C:\Users\top\BTSync\SA5\qpython\scripts\Garmin-Connect-Export-pest\gcexport.py version 2.3.3, using Python version 3.6.4rc1
2020-03-20 20:35:00,379 [INFO   ] New logfile level: INFO
2020-03-20 20:35:00,381 [INFO   ] New logfile level: INFO
2020-03-20 20:35:00,384 [WARNING] Output directory C:\public\gps already exists. Will skip already-downloaded files and append to the CSV file.
2020-03-20 20:35:00,389 [INFO   ] Connecting to https://sso.garmin.com/sso/signin?service=https%3A%2F%2Fconnect.garmin.com%2Fmodern%2F&webhost=https%3A%2F%2Fconnect.garmin.com&source=https%3A%2F%2Fconnect.garmin.com%2Fen-US%2Fsignin&redirectAfterAccountLoginUrl=https%3A%2F%2Fconnect.garmin.com%2Fmodern%2F&redirectAfterAccountCreationUrl=https%3A%2F%2Fconnect.garmin.com%2Fmodern%2F&gauthHost=https%3A%2F%2Fsso.garmin.com%2Fsso&locale=en_US&id=gauth-widget&cssUrl=https%3A%2F%2Fstatic.garmincdn.com%2Fcom.garmin.connect%2Fui%2Fcss%2Fgauth-custom-v1.2-min.css&clientId=GarminConnect&rememberMeShown=true&rememberMeChecked=false&createAccountShown=true&openCreateAccount=false&displayNameShown=false&consumeServiceTicket=false&initialFocus=true&embedWidget=false&generateExtraServiceTicket=true&generateTwoExtraServiceTickets=false&generateNoServiceTicket=false&globalOptInShown=true&globalOptInChecked=false&mobile=false&connectLegalTerms=true&locationPromptShown=true&showPassword=true
2020-03-20 20:35:03,374 [INFO   ] Authentication URL https://connect.garmin.com/modern/activities?ticket=ST-01595928-Sboc0La4cF5DhJ2Z3Bro-cas
2020-03-20 20:35:07,460 [INFO   ] Activity list URL https://connect.garmin.com/modern/proxy/activitylist-service/activities/search/activities?start=0&limit=15
2020-03-20 20:49:21,291 [INFO   ] Starting C:\Users\top\BTSync\SA5\qpython\scripts\Garmin-Connect-Export-pest\gcexport.py version 2.3.3, using Python version 3.6.4rc1
2020-03-20 20:49:21,300 [INFO   ] New logfile level: INFO
2020-03-20 20:49:21,301 [INFO   ] New logfile level: INFO
2020-03-20 20:49:21,308 [WARNING] Output directory C:\public\gps already exists. Will skip already-downloaded files and append to the CSV file.
2020-03-20 20:49:21,311 [INFO   ] Connecting to https://sso.garmin.com/sso/signin?service=https%3A%2F%2Fconnect.garmin.com%2Fmodern%2F&webhost=https%3A%2F%2Fconnect.garmin.com&source=https%3A%2F%2Fconnect.garmin.com%2Fen-US%2Fsignin&redirectAfterAccountLoginUrl=https%3A%2F%2Fconnect.garmin.com%2Fmodern%2F&redirectAfterAccountCreationUrl=https%3A%2F%2Fconnect.garmin.com%2Fmodern%2F&gauthHost=https%3A%2F%2Fsso.garmin.com%2Fsso&locale=en_US&id=gauth-widget&cssUrl=https%3A%2F%2Fstatic.garmincdn.com%2Fcom.garmin.connect%2Fui%2Fcss%2Fgauth-custom-v1.2-min.css&clientId=GarminConnect&rememberMeShown=true&rememberMeChecked=false&createAccountShown=true&openCreateAccount=false&displayNameShown=false&consumeServiceTicket=false&initialFocus=true&embedWidget=false&generateExtraServiceTicket=true&generateTwoExtraServiceTickets=false&generateNoServiceTicket=false&globalOptInShown=true&globalOptInChecked=false&mobile=false&connectLegalTerms=true&locationPromptShown=true&showPassword=true
2020-03-20 20:49:24,504 [INFO   ] Authentication URL https://connect.garmin.com/modern/activities?ticket=ST-01602865-LKabLAMFHolz5PU1PCJw-cas
2020-03-20 20:49:27,468 [INFO   ] Activity list URL https://connect.garmin.com/modern/proxy/activitylist-service/activities/search/activities?start=0&limit=17
2020-03-20 20:50:06,108 [INFO   ] Got 204 for https://connect.garmin.com/modern/proxy/download-service/export/gpx/activity/4622243779?full=true, returning empty response
2020-03-20 20:50:31,472 [INFO   ] Got 204 for https://connect.garmin.com/modern/proxy/download-service/export/gpx/activity/4603830247?full=true, returning empty response
2020-03-20 20:50:34,883 [INFO   ] Got 204 for https://connect.garmin.com/modern/proxy/download-service/export/gpx/activity/4582345908?full=true, returning empty response
2020-03-21 09:34:12,579 [INFO   ] Starting C:\Users\top\BTSync\SA5\qpython\scripts\Garmin-Connect-Export-pest\gcexport.py version 2.3.3, using Python version 2.7.13
2020-03-21 09:34:12,619 [INFO   ] New logfile level: INFO
2020-03-21 09:34:12,625 [INFO   ] New logfile level: INFO
2020-03-21 09:34:12,632 [WARNING] Output directory C:\public\gps already exists. Will skip already-downloaded files and append to the CSV file.
2020-03-21 09:34:12,650 [INFO   ] Connecting to https://sso.garmin.com/sso/signin?service=https%3A%2F%2Fconnect.garmin.com%2Fmodern%2F&webhost=https%3A%2F%2Fconnect.garmin.com&source=https%3A%2F%2Fconnect.garmin.com%2Fen-US%2Fsignin&redirectAfterAccountLoginUrl=https%3A%2F%2Fconnect.garmin.com%2Fmodern%2F&redirectAfterAccountCreationUrl=https%3A%2F%2Fconnect.garmin.com%2Fmodern%2F&gauthHost=https%3A%2F%2Fsso.garmin.com%2Fsso&locale=en_US&id=gauth-widget&cssUrl=https%3A%2F%2Fstatic.garmincdn.com%2Fcom.garmin.connect%2Fui%2Fcss%2Fgauth-custom-v1.2-min.css&clientId=GarminConnect&rememberMeShown=true&rememberMeChecked=false&createAccountShown=true&openCreateAccount=false&displayNameShown=false&consumeServiceTicket=false&initialFocus=true&embedWidget=false&generateExtraServiceTicket=true&generateTwoExtraServiceTickets=false&generateNoServiceTicket=false&globalOptInShown=true&globalOptInChecked=false&mobile=false&connectLegalTerms=true&locationPromptShown=true&showPassword=true
2020-03-21 09:34:17,476 [INFO   ] Authentication URL https://connect.garmin.com/modern/activities?ticket=ST-01815307-91q2m5iQbk6xzz1GZOcr-cas
2020-03-21 09:34:22,500 [INFO   ] Activity list URL https://connect.garmin.com/modern/proxy/activitylist-service/activities/search/activities?start=0&limit=20
2020-03-21 09:35:46,636 [INFO   ] Starting C:\Users\top\BTSync\SA5\qpython\scripts\Garmin-Connect-Export-pest\gcexport.py version 2.3.3, using Python version 3.6.4rc1
2020-03-21 09:35:46,653 [INFO   ] New logfile level: INFO
2020-03-21 09:35:46,657 [INFO   ] New logfile level: INFO
2020-03-21 09:35:46,662 [WARNING] Output directory C:\public\gps already exists. Will skip already-downloaded files and append to the CSV file.
2020-03-21 09:35:46,667 [INFO   ] Connecting to https://sso.garmin.com/sso/signin?service=https%3A%2F%2Fconnect.garmin.com%2Fmodern%2F&webhost=https%3A%2F%2Fconnect.garmin.com&source=https%3A%2F%2Fconnect.garmin.com%2Fen-US%2Fsignin&redirectAfterAccountLoginUrl=https%3A%2F%2Fconnect.garmin.com%2Fmodern%2F&redirectAfterAccountCreationUrl=https%3A%2F%2Fconnect.garmin.com%2Fmodern%2F&gauthHost=https%3A%2F%2Fsso.garmin.com%2Fsso&locale=en_US&id=gauth-widget&cssUrl=https%3A%2F%2Fstatic.garmincdn.com%2Fcom.garmin.connect%2Fui%2Fcss%2Fgauth-custom-v1.2-min.css&clientId=GarminConnect&rememberMeShown=true&rememberMeChecked=false&createAccountShown=true&openCreateAccount=false&displayNameShown=false&consumeServiceTicket=false&initialFocus=true&embedWidget=false&generateExtraServiceTicket=true&generateTwoExtraServiceTickets=false&generateNoServiceTicket=false&globalOptInShown=true&globalOptInChecked=false&mobile=false&connectLegalTerms=true&locationPromptShown=true&showPassword=true
2020-03-21 09:35:50,229 [INFO   ] Authentication URL https://connect.garmin.com/modern/activities?ticket=ST-01815836-JfiOVgJPfgexulilyUEQ-cas
2020-03-21 09:35:57,793 [INFO   ] Activity list URL https://connect.garmin.com/modern/proxy/activitylist-service/activities/search/activities?start=0&limit=5
2020-03-21 09:36:36,457 [INFO   ] Starting C:\Users\top\BTSync\SA5\qpython\scripts\Garmin-Connect-Export-pest\gcexport.py version 2.3.3, using Python version 3.6.4rc1
2020-03-21 09:36:36,470 [INFO   ] New logfile level: INFO
2020-03-21 09:36:36,475 [INFO   ] New logfile level: INFO
2020-03-21 09:36:36,479 [WARNING] Output directory C:\public\gps already exists. Will skip already-downloaded files and append to the CSV file.
2020-03-21 09:36:36,489 [INFO   ] Connecting to https://sso.garmin.com/sso/signin?service=https%3A%2F%2Fconnect.garmin.com%2Fmodern%2F&webhost=https%3A%2F%2Fconnect.garmin.com&source=https%3A%2F%2Fconnect.garmin.com%2Fen-US%2Fsignin&redirectAfterAccountLoginUrl=https%3A%2F%2Fconnect.garmin.com%2Fmodern%2F&redirectAfterAccountCreationUrl=https%3A%2F%2Fconnect.garmin.com%2Fmodern%2F&gauthHost=https%3A%2F%2Fsso.garmin.com%2Fsso&locale=en_US&id=gauth-widget&cssUrl=https%3A%2F%2Fstatic.garmincdn.com%2Fcom.garmin.connect%2Fui%2Fcss%2Fgauth-custom-v1.2-min.css&clientId=GarminConnect&rememberMeShown=true&rememberMeChecked=false&createAccountShown=true&openCreateAccount=false&displayNameShown=false&consumeServiceTicket=false&initialFocus=true&embedWidget=false&generateExtraServiceTicket=true&generateTwoExtraServiceTickets=false&generateNoServiceTicket=false&globalOptInShown=true&globalOptInChecked=false&mobile=false&connectLegalTerms=true&locationPromptShown=true&showPassword=true
2020-03-21 09:36:39,853 [INFO   ] Authentication URL https://connect.garmin.com/modern/activities?ticket=ST-01816930-nKzL740k7XOJksnfhk1E-cas
2020-03-21 09:36:44,557 [INFO   ] Activity list URL https://connect.garmin.com/modern/proxy/activitylist-service/activities/search/activities?start=0&limit=5
2020-03-21 09:37:44,278 [INFO   ] Starting C:\Users\top\BTSync\SA5\qpython\scripts\Garmin-Connect-Export-pest\gcexport.py version 2.3.3, using Python version 3.6.4rc1
2020-03-21 09:37:44,293 [INFO   ] New logfile level: INFO
2020-03-21 09:37:44,297 [INFO   ] New logfile level: INFO
2020-03-21 09:37:44,309 [WARNING] Output directory C:\public\gps already exists. Will skip already-downloaded files and append to the CSV file.
2020-03-21 09:37:44,314 [INFO   ] Connecting to https://sso.garmin.com/sso/signin?service=https%3A%2F%2Fconnect.garmin.com%2Fmodern%2F&webhost=https%3A%2F%2Fconnect.garmin.com&source=https%3A%2F%2Fconnect.garmin.com%2Fen-US%2Fsignin&redirectAfterAccountLoginUrl=https%3A%2F%2Fconnect.garmin.com%2Fmodern%2F&redirectAfterAccountCreationUrl=https%3A%2F%2Fconnect.garmin.com%2Fmodern%2F&gauthHost=https%3A%2F%2Fsso.garmin.com%2Fsso&locale=en_US&id=gauth-widget&cssUrl=https%3A%2F%2Fstatic.garmincdn.com%2Fcom.garmin.connect%2Fui%2Fcss%2Fgauth-custom-v1.2-min.css&clientId=GarminConnect&rememberMeShown=true&rememberMeChecked=false&createAccountShown=true&openCreateAccount=false&displayNameShown=false&consumeServiceTicket=false&initialFocus=true&embedWidget=false&generateExtraServiceTicket=true&generateTwoExtraServiceTickets=false&generateNoServiceTicket=false&globalOptInShown=true&globalOptInChecked=false&mobile=false&connectLegalTerms=true&locationPromptShown=true&showPassword=true
2020-03-21 09:37:46,842 [INFO   ] Authentication URL https://connect.garmin.com/modern/activities?ticket=ST-01816577-Y5WSWOrpMafeknbZmxpC-cas
2020-03-21 09:37:51,366 [INFO   ] Activity list URL https://connect.garmin.com/modern/proxy/activitylist-service/activities/search/activities?start=0&limit=5
2020-04-01 19:25:30,882 [INFO   ] Starting /mnt/hdd1/BTSync/qpython/scripts/garmin-connect-export-pest/gcexport.py version 2.3.3, using Python version 3.7.3
2020-04-01 19:25:31,200 [INFO   ] New logfile level: DEBUG
2020-04-01 19:25:31,200 [DEBUG  ] New console log level: INFO
2020-04-01 19:25:31,200 [WARNING] Output directory /mnt/hdd1/BTSync/SA5/Documents already exists. Will skip already-downloaded files and append to the CSV file.
2020-04-01 19:25:31,201 [DEBUG  ] Login params: service=https%3A%2F%2Fconnect.garmin.com%2Fmodern%2F&webhost=https%3A%2F%2Fconnect.garmin.com&source=https%3A%2F%2Fconnect.garmin.com%2Fen-US%2Fsignin&redirectAfterAccountLoginUrl=https%3A%2F%2Fconnect.garmin.com%2Fmodern%2F&redirectAfterAccountCreationUrl=https%3A%2F%2Fconnect.garmin.com%2Fmodern%2F&gauthHost=https%3A%2F%2Fsso.garmin.com%2Fsso&locale=en_US&id=gauth-widget&cssUrl=https%3A%2F%2Fstatic.garmincdn.com%2Fcom.garmin.connect%2Fui%2Fcss%2Fgauth-custom-v1.2-min.css&clientId=GarminConnect&rememberMeShown=true&rememberMeChecked=false&createAccountShown=true&openCreateAccount=false&displayNameShown=false&consumeServiceTicket=false&initialFocus=true&embedWidget=false&generateExtraServiceTicket=true&generateTwoExtraServiceTickets=false&generateNoServiceTicket=false&globalOptInShown=true&globalOptInChecked=false&mobile=false&connectLegalTerms=true&locationPromptShown=true&showPassword=true
2020-04-01 19:25:31,201 [INFO   ] Connecting to https://sso.garmin.com/sso/signin?service=https%3A%2F%2Fconnect.garmin.com%2Fmodern%2F&webhost=https%3A%2F%2Fconnect.garmin.com&source=https%3A%2F%2Fconnect.garmin.com%2Fen-US%2Fsignin&redirectAfterAccountLoginUrl=https%3A%2F%2Fconnect.garmin.com%2Fmodern%2F&redirectAfterAccountCreationUrl=https%3A%2F%2Fconnect.garmin.com%2Fmodern%2F&gauthHost=https%3A%2F%2Fsso.garmin.com%2Fsso&locale=en_US&id=gauth-widget&cssUrl=https%3A%2F%2Fstatic.garmincdn.com%2Fcom.garmin.connect%2Fui%2Fcss%2Fgauth-custom-v1.2-min.css&clientId=GarminConnect&rememberMeShown=true&rememberMeChecked=false&createAccountShown=true&openCreateAccount=false&displayNameShown=false&consumeServiceTicket=false&initialFocus=true&embedWidget=false&generateExtraServiceTicket=true&generateTwoExtraServiceTickets=false&generateNoServiceTicket=false&globalOptInShown=true&globalOptInChecked=false&mobile=false&connectLegalTerms=true&locationPromptShown=true&showPassword=true
2020-04-01 19:25:31,928 [DEBUG  ] Got 200 in 0.7248514639213681 s from https://sso.garmin.com/sso/signin?service=https%3A%2F%2Fconnect.garmin.com%2Fmodern%2F&webhost=https%3A%2F%2Fconnect.garmin.com&source=https%3A%2F%2Fconnect.garmin.com%2Fen-US%2Fsignin&redirectAfterAccountLoginUrl=https%3A%2F%2Fconnect.garmin.com%2Fmodern%2F&redirectAfterAccountCreationUrl=https%3A%2F%2Fconnect.garmin.com%2Fmodern%2F&gauthHost=https%3A%2F%2Fsso.garmin.com%2Fsso&locale=en_US&id=gauth-widget&cssUrl=https%3A%2F%2Fstatic.garmincdn.com%2Fcom.garmin.connect%2Fui%2Fcss%2Fgauth-custom-v1.2-min.css&clientId=GarminConnect&rememberMeShown=true&rememberMeChecked=false&createAccountShown=true&openCreateAccount=false&displayNameShown=false&consumeServiceTicket=false&initialFocus=true&embedWidget=false&generateExtraServiceTicket=true&generateTwoExtraServiceTickets=false&generateNoServiceTicket=false&globalOptInShown=true&globalOptInChecked=false&mobile=false&connectLegalTerms=true&locationPromptShown=true&showPassword=true
2020-04-01 19:25:32,055 [DEBUG  ] Cookie __cfduid : d4cc6548f372123db159ef073b897a2611585761931
2020-04-01 19:25:32,055 [DEBUG  ] Cookie __cflb : 0H28vqK2vhBdjKAHtwGh49AMcwaDvGFaiL6HKcmWYzQ
2020-04-01 19:25:32,056 [DEBUG  ] Cookie org.springframework.web.servlet.i18n.CookieLocaleResolver.LOCALE : en_US
2020-04-01 19:25:32,056 [DEBUG  ] Cookie SESSION : 67072879-b450-46d5-bceb-39b9cd7f2766
2020-04-01 20:54:13,661 [INFO   ] Starting /mnt/hdd1/BTSync/qpython/scripts/garmin-connect-export-pest/gcexport.py version 2.3.3, using Python version 3.7.3
2020-04-01 20:54:13,668 [INFO   ] New logfile level: DEBUG
2020-04-01 20:54:13,669 [DEBUG  ] New console log level: INFO
2020-04-01 20:54:13,669 [WARNING] Output directory /mnt/hdd1/BTSync/SA5/Documents already exists. Will skip already-downloaded files and append to the CSV file.
2020-04-01 20:54:13,670 [DEBUG  ] Login params: service=https%3A%2F%2Fconnect.garmin.com%2Fmodern%2F&webhost=https%3A%2F%2Fconnect.garmin.com&source=https%3A%2F%2Fconnect.garmin.com%2Fen-US%2Fsignin&redirectAfterAccountLoginUrl=https%3A%2F%2Fconnect.garmin.com%2Fmodern%2F&redirectAfterAccountCreationUrl=https%3A%2F%2Fconnect.garmin.com%2Fmodern%2F&gauthHost=https%3A%2F%2Fsso.garmin.com%2Fsso&locale=en_US&id=gauth-widget&cssUrl=https%3A%2F%2Fstatic.garmincdn.com%2Fcom.garmin.connect%2Fui%2Fcss%2Fgauth-custom-v1.2-min.css&clientId=GarminConnect&rememberMeShown=true&rememberMeChecked=false&createAccountShown=true&openCreateAccount=false&displayNameShown=false&consumeServiceTicket=false&initialFocus=true&embedWidget=false&generateExtraServiceTicket=true&generateTwoExtraServiceTickets=false&generateNoServiceTicket=false&globalOptInShown=true&globalOptInChecked=false&mobile=false&connectLegalTerms=true&locationPromptShown=true&showPassword=true
2020-04-01 20:54:13,670 [INFO   ] Connecting to https://sso.garmin.com/sso/signin?service=https%3A%2F%2Fconnect.garmin.com%2Fmodern%2F&webhost=https%3A%2F%2Fconnect.garmin.com&source=https%3A%2F%2Fconnect.garmin.com%2Fen-US%2Fsignin&redirectAfterAccountLoginUrl=https%3A%2F%2Fconnect.garmin.com%2Fmodern%2F&redirectAfterAccountCreationUrl=https%3A%2F%2Fconnect.garmin.com%2Fmodern%2F&gauthHost=https%3A%2F%2Fsso.garmin.com%2Fsso&locale=en_US&id=gauth-widget&cssUrl=https%3A%2F%2Fstatic.garmincdn.com%2Fcom.garmin.connect%2Fui%2Fcss%2Fgauth-custom-v1.2-min.css&clientId=GarminConnect&rememberMeShown=true&rememberMeChecked=false&createAccountShown=true&openCreateAccount=false&displayNameShown=false&consumeServiceTicket=false&initialFocus=true&embedWidget=false&generateExtraServiceTicket=true&generateTwoExtraServiceTickets=false&generateNoServiceTicket=false&globalOptInShown=true&globalOptInChecked=false&mobile=false&connectLegalTerms=true&locationPromptShown=true&showPassword=true
2020-04-01 20:54:14,086 [DEBUG  ] Got 200 in 0.414501833030954 s from https://sso.garmin.com/sso/signin?service=https%3A%2F%2Fconnect.garmin.com%2Fmodern%2F&webhost=https%3A%2F%2Fconnect.garmin.com&source=https%3A%2F%2Fconnect.garmin.com%2Fen-US%2Fsignin&redirectAfterAccountLoginUrl=https%3A%2F%2Fconnect.garmin.com%2Fmodern%2F&redirectAfterAccountCreationUrl=https%3A%2F%2Fconnect.garmin.com%2Fmodern%2F&gauthHost=https%3A%2F%2Fsso.garmin.com%2Fsso&locale=en_US&id=gauth-widget&cssUrl=https%3A%2F%2Fstatic.garmincdn.com%2Fcom.garmin.connect%2Fui%2Fcss%2Fgauth-custom-v1.2-min.css&clientId=GarminConnect&rememberMeShown=true&rememberMeChecked=false&createAccountShown=true&openCreateAccount=false&displayNameShown=false&consumeServiceTicket=false&initialFocus=true&embedWidget=false&generateExtraServiceTicket=true&generateTwoExtraServiceTickets=false&generateNoServiceTicket=false&globalOptInShown=true&globalOptInChecked=false&mobile=false&connectLegalTerms=true&locationPromptShown=true&showPassword=true
2020-04-01 20:54:14,107 [DEBUG  ] Cookie __cfduid : d242241cab797b61701762ee1416911181585767253
2020-04-01 20:54:14,107 [DEBUG  ] Cookie __cflb : 0H28vqK2vhBdjKAHtwGh49AMcwaDvGEty7RmWVPeFmn
2020-04-01 20:54:14,107 [DEBUG  ] Cookie org.springframework.web.servlet.i18n.CookieLocaleResolver.LOCALE : en_US
2020-04-01 20:54:14,107 [DEBUG  ] Cookie SESSION : 552c590e-a987-4ba6-8488-a9aed15cc133
2020-04-01 20:54:15,170 [DEBUG  ] Got 200 in 1.0621788101270795 s from https://sso.garmin.com/sso/signin?service=https%3A%2F%2Fconnect.garmin.com%2Fmodern%2F&webhost=https%3A%2F%2Fconnect.garmin.com&source=https%3A%2F%2Fconnect.garmin.com%2Fen-US%2Fsignin&redirectAfterAccountLoginUrl=https%3A%2F%2Fconnect.garmin.com%2Fmodern%2F&redirectAfterAccountCreationUrl=https%3A%2F%2Fconnect.garmin.com%2Fmodern%2F&gauthHost=https%3A%2F%2Fsso.garmin.com%2Fsso&locale=en_US&id=gauth-widget&cssUrl=https%3A%2F%2Fstatic.garmincdn.com%2Fcom.garmin.connect%2Fui%2Fcss%2Fgauth-custom-v1.2-min.css&clientId=GarminConnect&rememberMeShown=true&rememberMeChecked=false&createAccountShown=true&openCreateAccount=false&displayNameShown=false&consumeServiceTicket=false&initialFocus=true&embedWidget=false&generateExtraServiceTicket=true&generateTwoExtraServiceTickets=false&generateNoServiceTicket=false&globalOptInShown=true&globalOptInChecked=false&mobile=false&connectLegalTerms=true&locationPromptShown=true&showPassword=true#
2020-04-01 20:54:15,172 [DEBUG  ] Cookie GARMIN-SSO : 1
2020-04-01 20:54:15,173 [DEBUG  ] Cookie GARMIN-SSO-CUST-GUID : e655de53-2b66-4396-af7e-63998c4cefd8
2020-04-01 20:54:15,173 [DEBUG  ] Cookie GARMIN-SSO-GUID : 4DAAD0E564121DAFDF4B1EE7634BC651C74CDE25
2020-04-01 20:54:15,173 [DEBUG  ] Cookie GarminNoCache : true
2020-04-01 20:54:15,173 [DEBUG  ] Cookie __cfduid : d242241cab797b61701762ee1416911181585767253
2020-04-01 20:54:15,174 [DEBUG  ] Cookie __cfruid : 851a8e09b55f8685b31edf4369283c915353f942-1585767255
2020-04-01 20:54:15,174 [DEBUG  ] Cookie __cflb : 0H28vqK2vhBdjKAHtwGh49AMcwaDvGEty7RmWVPeFmn
2020-04-01 20:54:15,174 [DEBUG  ] Cookie org.springframework.web.servlet.i18n.CookieLocaleResolver.LOCALE : en_US
2020-04-01 20:54:15,175 [DEBUG  ] Cookie CASRMC : TGT-3466024-Di4fyfl5EctknYYeydYNCxQzKL96CO1JDhe6fmoMKhnkSCnFkP-cas
2020-04-01 20:54:15,175 [DEBUG  ] Cookie CASTGC : TGT-3466024-Di4fyfl5EctknYYeydYNCxQzKL96CO1JDhe6fmoMKhnkSCnFkP-cas
2020-04-01 20:54:15,176 [INFO   ] Authentication URL https://connect.garmin.com/modern/activities?ticket=ST-07362245-HglamHxcK7wxcAcsBczQ-cas
2020-04-01 20:54:17,362 [DEBUG  ] Got 200 in 2.1844331338070333 s from https://connect.garmin.com/modern/activities?ticket=ST-07362245-HglamHxcK7wxcAcsBczQ-cas
2020-04-01 20:54:17,495 [DEBUG  ] Got 200 in 0.12826363393105567 s from https://connect.garmin.com/modern/main/js/properties/activity_types/activity_types.properties
2020-04-01 20:54:17,613 [DEBUG  ] Got 200 in 0.1159021460916847 s from https://connect.garmin.com/modern/main/js/properties/event_types/event_types.properties
2020-04-01 20:54:17,614 [INFO   ] Activity list URL https://connect.garmin.com/modern/proxy/activitylist-service/activities/search/activities?start=0&limit=5
2020-04-01 20:54:18,256 [DEBUG  ] Got 200 in 0.6409695618785918 s from https://connect.garmin.com/modern/proxy/activitylist-service/activities/search/activities?start=0&limit=5
2020-04-01 20:54:18,893 [DEBUG  ] Got 200 in 0.6293416570406407 s from https://connect.garmin.com/modern/proxy/activity-service/activity/4707610410
2020-04-01 20:54:19,213 [DEBUG  ] Got 200 in 0.2899218709208071 s from https://connect.garmin.com/modern/proxy/device-service/deviceservice/app-info/874727
2020-04-01 20:54:19,533 [DEBUG  ] Got 200 in 0.31710055610165 s from https://connect.garmin.com/modern/proxy/gear-service/gear/filterGear?activityId=4707610410
2020-04-01 20:54:19,925 [DEBUG  ] Got 200 in 0.3883910570293665 s from http://connect.garmin.com/proxy/download-service/files/activity/4707610410
2020-04-01 20:54:19,977 [DEBUG  ] Unzipping and removing original file, size is 122584
2020-04-01 20:54:19,993 [DEBUG  ] renaming /mnt/hdd1/BTSync/SA5/Documents/4707610410.fit to /mnt/hdd1/BTSync/SA5/Documents/activity_4707610410.fit
2020-04-01 20:54:19,999 [INFO   ] copy file to: /mnt/hdd1/BTSync/SA5/Documents/Garmin_fit/20200328-141657-Hannover_Rennradfahr_Edge_530_5
2020-04-01 20:54:20,000 [INFO   ] renaming /mnt/hdd1/BTSync/SA5/Documents/4707610410.fit to /mnt/hdd1/BTSync/SA5/Documents/activity_4707610410.fit
2020-04-01 20:54:20,335 [DEBUG  ] Got 200 in 0.33242274611257017 s from https://connect.garmin.com/modern/proxy/activity-service/activity/4710531379
2020-04-01 20:54:20,792 [DEBUG  ] Got 200 in 0.4555108349304646 s from https://connect.garmin.com/modern/proxy/device-service/deviceservice/app-info/875717
2020-04-01 20:54:21,098 [DEBUG  ] Got 200 in 0.3028420931659639 s from https://connect.garmin.com/modern/proxy/gear-service/gear/filterGear?activityId=4710531379
2020-04-01 20:54:21,569 [DEBUG  ] Got 200 in 0.4690480660647154 s from http://connect.garmin.com/proxy/download-service/files/activity/4710531379
2020-04-01 20:54:21,639 [DEBUG  ] Unzipping and removing original file, size is 85849
2020-04-01 20:54:21,652 [DEBUG  ] renaming /mnt/hdd1/BTSync/SA5/Documents/4710531379.fit to /mnt/hdd1/BTSync/SA5/Documents/activity_4710531379.fit
2020-04-01 20:54:21,657 [INFO   ] copy file to: /mnt/hdd1/BTSync/SA5/Documents/Garmin_fit/20200328-141516-Radfahren_fenix_5S_1
2020-04-01 20:54:21,658 [INFO   ] renaming /mnt/hdd1/BTSync/SA5/Documents/4710531379.fit to /mnt/hdd1/BTSync/SA5/Documents/activity_4710531379.fit
2020-04-01 20:54:22,057 [DEBUG  ] Got 200 in 0.3957730720285326 s from https://connect.garmin.com/modern/proxy/activity-service/activity/4703214868
2020-04-01 20:54:22,392 [DEBUG  ] Got 200 in 0.33126929798163474 s from https://connect.garmin.com/modern/proxy/device-service/deviceservice/app-info/874665
2020-04-01 20:54:22,695 [DEBUG  ] Got 200 in 0.30187097401358187 s from https://connect.garmin.com/modern/proxy/gear-service/gear/filterGear?activityId=4703214868
2020-04-01 20:54:23,113 [DEBUG  ] Got 200 in 0.4152167639695108 s from http://connect.garmin.com/proxy/download-service/files/activity/4703214868
2020-04-01 20:54:23,187 [DEBUG  ] Unzipping and removing original file, size is 101025
2020-04-01 20:54:23,202 [DEBUG  ] renaming /mnt/hdd1/BTSync/SA5/Documents/4703214868.fit to /mnt/hdd1/BTSync/SA5/Documents/activity_4703214868.fit
2020-04-01 20:54:23,208 [INFO   ] copy file to: /mnt/hdd1/BTSync/SA5/Documents/Garmin_fit/20200327-130326-Radfahren_fenix_5S_1
2020-04-01 20:54:23,209 [INFO   ] renaming /mnt/hdd1/BTSync/SA5/Documents/4703214868.fit to /mnt/hdd1/BTSync/SA5/Documents/activity_4703214868.fit
2020-04-01 20:54:23,527 [DEBUG  ] Got 200 in 0.3156650180462748 s from https://connect.garmin.com/modern/proxy/activity-service/activity/4703203032
2020-04-01 20:54:23,843 [DEBUG  ] Got 200 in 0.31222769198939204 s from https://connect.garmin.com/modern/proxy/gear-service/gear/filterGear?activityId=4703203032
2020-04-01 20:54:24,255 [DEBUG  ] Got 200 in 0.40945976390503347 s from http://connect.garmin.com/proxy/download-service/files/activity/4703203032
2020-04-01 20:54:24,340 [DEBUG  ] Unzipping and removing original file, size is 170743
2020-04-01 20:54:24,359 [DEBUG  ] renaming /mnt/hdd1/BTSync/SA5/Documents/4703203032.fit to /mnt/hdd1/BTSync/SA5/Documents/activity_4703203032.fit
2020-04-01 20:54:24,365 [INFO   ] copy file to: /mnt/hdd1/BTSync/SA5/Documents/Garmin_fit/20200327-130316-Barsinghausen_Mounta_Edge_530_5
2020-04-01 20:54:24,365 [INFO   ] renaming /mnt/hdd1/BTSync/SA5/Documents/4703203032.fit to /mnt/hdd1/BTSync/SA5/Documents/activity_4703203032.fit
2020-04-01 20:54:24,688 [DEBUG  ] Got 200 in 0.32085198699496686 s from https://connect.garmin.com/modern/proxy/activity-service/activity/4699844179
2020-04-01 20:54:25,012 [DEBUG  ] Got 200 in 0.3188486979342997 s from https://connect.garmin.com/modern/proxy/gear-service/gear/filterGear?activityId=4699844179
2020-04-01 20:54:25,388 [DEBUG  ] Got 200 in 0.373560544103384 s from http://connect.garmin.com/proxy/download-service/files/activity/4699844179
2020-04-01 20:54:25,410 [DEBUG  ] Unzipping and removing original file, size is 16120
2020-04-01 20:54:25,413 [DEBUG  ] renaming /mnt/hdd1/BTSync/SA5/Documents/4699844179.fit to /mnt/hdd1/BTSync/SA5/Documents/activity_4699844179.fit
2020-04-01 20:54:25,415 [INFO   ] copy file to: /mnt/hdd1/BTSync/SA5/Documents/Garmin_fit/20200326-175044-Hannover_Radfahren_fenix_5S_1
2020-04-01 20:54:25,416 [INFO   ] renaming /mnt/hdd1/BTSync/SA5/Documents/4699844179.fit to /mnt/hdd1/BTSync/SA5/Documents/activity_4699844179.fit
